[13:59:16] INFO: 開始執行 ADB 環境檢查...
[13:59:16] INFO: [RUN] cmd /c chcp 65001 > nul & call "D:\MU310_FW\GUI_ADB_tools\ADB Environment Check.bat"
[13:59:16] INFO: 
[13:59:16] INFO: D:\MU310_FW\GUI_ADB_tools>echo === Step 0: Check ADB Environment ===
[13:59:16] INFO: === Step 0: Check ADB Environment ===
[13:59:16] INFO: 
[13:59:16] INFO: D:\MU310_FW\GUI_ADB_tools>where adb  1>nul 2>nul
[13:59:16] INFO: 
[13:59:16] INFO: D:\MU310_FW\GUI_ADB_tools>if 0 NEQ 0 (
[13:59:16] INFO: echo [ERROR] ADB not found! Please install Android SDK Platform-tools and add to PATH.
[13:59:16] INFO:  pause
[13:59:16] INFO:  exit /b 1
[13:59:16] INFO: )
[13:59:16] INFO: 
[13:59:16] INFO: D:\MU310_FW\GUI_ADB_tools>where adb   | findstr /i "System32"  1>nul
[13:59:16] INFO: 
[13:59:16] INFO: D:\MU310_FW\GUI_ADB_tools>if 1 == 0 (
[13:59:16] INFO: echo [ERROR] Detected ADB in System32 folder!
[13:59:16] INFO:  echo Please remove/rename it and use C:\platform-tools\adb.exe instead.
[13:59:16] INFO:  pause
[13:59:16] INFO:  exit /b 1
[13:59:16] INFO: )
[13:59:16] INFO: 
[13:59:16] INFO: D:\MU310_FW\GUI_ADB_tools>echo Current adb path:
[13:59:16] INFO: Current adb path:
[13:59:16] INFO: 
[13:59:16] INFO: D:\MU310_FW\GUI_ADB_tools>where adb
[13:59:16] INFO: D:\MU310_FW\GUI_ADB_tools\adb.exe
[13:59:16] INFO: C:\platform-tools\adb.exe
[13:59:16] INFO: 
[13:59:16] INFO: D:\MU310_FW\GUI_ADB_tools>echo.
[13:59:16] INFO: 
[13:59:16] INFO: 
[13:59:16] INFO: D:\MU310_FW\GUI_ADB_tools>adb version
[13:59:16] INFO: Android Debug Bridge version 1.0.41
[13:59:16] INFO: Version 31.0.3-7562133
[13:59:16] INFO: Installed as D:\MU310_FW\GUI_ADB_tools\adb.exe
[13:59:16] INFO: 
[13:59:16] INFO: D:\MU310_FW\GUI_ADB_tools>if 0 NEQ 0 (
[13:59:16] INFO: echo [ERROR] Failed to run adb. Please check if Platform-tools is correctly installed.
[13:59:16] INFO:  pause
[13:59:16] INFO:  exit /b 1
[13:59:16] INFO: )
[13:59:16] INFO: 
[13:59:16] INFO: D:\MU310_FW\GUI_ADB_tools>adb kill-server
[13:59:16] INFO: 
[13:59:16] INFO: D:\MU310_FW\GUI_ADB_tools>adb start-server
[13:59:18] INFO: 
[13:59:18] INFO: D:\MU310_FW\GUI_ADB_tools>if 0 NEQ 0 (
[13:59:18] INFO: echo [ERROR] Failed to start ADB server. Please check USB drivers.
[13:59:18] INFO: [EXIT] code=0
[13:59:18] INFO:  pause
[13:59:18] INFO:  exit /b 1
[13:59:18] INFO: )
[13:59:18] INFO: 
[13:59:18] INFO: D:\MU310_FW\GUI_ADB_tools>adb devices
[13:59:18] INFO: List of devices attached
[13:59:18] INFO: 109c377c	device
[13:59:18] INFO: 
[13:59:19] INFO: 
[13:59:19] INFO: D:\MU310_FW\GUI_ADB_tools>echo.
[13:59:19] INFO: 
[13:59:19] ERROR: * daemon not running; starting now at tcp:5037
[13:59:19] ERROR: * daemon started successfully
[13:59:23] INFO: 開始掃描 COM 埠...
[13:59:23] INFO: 發現 4 個 COM 埠:
[13:59:23] INFO:   COM9 - Quectel USB AT Port (COM9)
[13:59:23] INFO:   COM8 - Quectel USB NMEA Port (COM8)
[13:59:23] INFO:   COM7 - Quectel USB DM Port (COM7)
[13:59:23] INFO:   COM3 - Prolific PL2303GC USB Serial COM Port (COM3)
[13:59:25] INFO: 開始掃描 COM 埠...
[13:59:25] INFO: 發現 4 個 COM 埠:
[13:59:25] INFO:   COM9 - Quectel USB AT Port (COM9)
[13:59:25] INFO:   COM8 - Quectel USB NMEA Port (COM8)
[13:59:25] INFO:   COM7 - Quectel USB DM Port (COM7)
[13:59:25] INFO:   COM3 - Prolific PL2303GC USB Serial COM Port (COM3)
[13:59:38] INFO: 開始執行 ADB 環境檢查...
[13:59:38] INFO: [RUN] cmd /c chcp 65001 > nul & call "D:\MU310_FW\GUI_ADB_tools\ADB Environment Check.bat"
[13:59:38] INFO: 
[13:59:38] INFO: D:\MU310_FW\GUI_ADB_tools>echo === Step 0: Check ADB Environment ===
[13:59:38] INFO: === Step 0: Check ADB Environment ===
[13:59:38] INFO: 
[13:59:38] INFO: D:\MU310_FW\GUI_ADB_tools>where adb  1>nul 2>nul
[13:59:39] INFO: 
[13:59:39] INFO: D:\MU310_FW\GUI_ADB_tools>if 0 NEQ 0 (
[13:59:39] INFO: echo [ERROR] ADB not found! Please install Android SDK Platform-tools and add to PATH.
[13:59:39] INFO:  pause
[13:59:39] INFO:  exit /b 1
[13:59:39] INFO: )
[13:59:39] INFO: 
[13:59:39] INFO: D:\MU310_FW\GUI_ADB_tools>where adb   | findstr /i "System32"  1>nul
[13:59:39] INFO: 
[13:59:39] INFO: D:\MU310_FW\GUI_ADB_tools>if 1 == 0 (
[13:59:39] INFO: echo [ERROR] Detected ADB in System32 folder!
[13:59:39] INFO:  echo Please remove/rename it and use C:\platform-tools\adb.exe instead.
[13:59:39] INFO:  pause
[13:59:39] INFO:  exit /b 1
[13:59:39] INFO: )
[13:59:39] INFO: 
[13:59:39] INFO: D:\MU310_FW\GUI_ADB_tools>echo Current adb path:
[13:59:39] INFO: Current adb path:
[13:59:39] INFO: 
[13:59:39] INFO: D:\MU310_FW\GUI_ADB_tools>where adb
[13:59:39] INFO: D:\MU310_FW\GUI_ADB_tools\adb.exe
[13:59:39] INFO: C:\platform-tools\adb.exe
[13:59:39] INFO: 
[13:59:39] INFO: D:\MU310_FW\GUI_ADB_tools>echo.
[13:59:39] INFO: 
[13:59:39] INFO: 
[13:59:39] INFO: D:\MU310_FW\GUI_ADB_tools>adb version
[13:59:39] INFO: Android Debug Bridge version 1.0.41
[13:59:39] INFO: Version 31.0.3-7562133
[13:59:39] INFO: Installed as D:\MU310_FW\GUI_ADB_tools\adb.exe
[13:59:39] INFO: 
[13:59:39] INFO: D:\MU310_FW\GUI_ADB_tools>if 0 NEQ 0 (
[13:59:39] INFO: echo [ERROR] Failed to run adb. Please check if Platform-tools is correctly installed.
[13:59:39] INFO:  pause
[13:59:39] INFO:  exit /b 1
[13:59:39] INFO: )
[13:59:39] INFO: 
[13:59:39] INFO: D:\MU310_FW\GUI_ADB_tools>adb kill-server
[13:59:39] INFO: 
[13:59:39] INFO: D:\MU310_FW\GUI_ADB_tools>adb start-server
[13:59:41] INFO: 
[13:59:41] INFO: D:\MU310_FW\GUI_ADB_tools>if 0 NEQ 0 (
[13:59:41] INFO: echo [ERROR] Failed to start ADB server. Please check USB drivers.
[13:59:41] INFO: [EXIT] code=0
[13:59:41] INFO:  pause
[13:59:41] INFO:  exit /b 1
[13:59:41] INFO: )
[13:59:41] INFO: 
[13:59:41] INFO: D:\MU310_FW\GUI_ADB_tools>adb devices
[13:59:41] INFO: List of devices attached
[13:59:41] INFO: 109c377c	device
[13:59:41] INFO: 
[13:59:41] INFO: 
[13:59:41] INFO: D:\MU310_FW\GUI_ADB_tools>echo.
[13:59:41] INFO: 
[13:59:41] ERROR: * daemon not running; starting now at tcp:5037
[13:59:41] ERROR: * daemon started successfully
[14:00:20] INFO: 開始執行 ADB 環境檢查...
[14:00:20] INFO: [RUN] cmd /c chcp 65001 > nul & call "D:\MU310_FW\GUI_ADB_tools\ADB Environment Check.bat"
[14:00:20] INFO: 
[14:00:20] INFO: D:\MU310_FW\GUI_ADB_tools>echo === Step 0: Check ADB Environment ===
[14:00:20] INFO: === Step 0: Check ADB Environment ===
[14:00:20] INFO: 
[14:00:20] INFO: D:\MU310_FW\GUI_ADB_tools>where adb  1>nul 2>nul
[14:00:20] INFO: 
[14:00:20] INFO: D:\MU310_FW\GUI_ADB_tools>if 0 NEQ 0 (
[14:00:20] INFO: echo [ERROR] ADB not found! Please install Android SDK Platform-tools and add to PATH.
[14:00:20] INFO:  pause
[14:00:20] INFO:  exit /b 1
[14:00:20] INFO: )
[14:00:20] INFO: 
[14:00:20] INFO: D:\MU310_FW\GUI_ADB_tools>where adb   | findstr /i "System32"  1>nul
[14:00:20] INFO: 
[14:00:20] INFO: D:\MU310_FW\GUI_ADB_tools>if 1 == 0 (
[14:00:20] INFO: echo [ERROR] Detected ADB in System32 folder!
[14:00:20] INFO:  echo Please remove/rename it and use C:\platform-tools\adb.exe instead.
[14:00:20] INFO:  pause
[14:00:20] INFO:  exit /b 1
[14:00:20] INFO: )
[14:00:20] INFO: 
[14:00:20] INFO: D:\MU310_FW\GUI_ADB_tools>echo Current adb path:
[14:00:20] INFO: Current adb path:
[14:00:20] INFO: 
[14:00:20] INFO: D:\MU310_FW\GUI_ADB_tools>where adb
[14:00:20] INFO: D:\MU310_FW\GUI_ADB_tools\adb.exe
[14:00:20] INFO: C:\platform-tools\adb.exe
[14:00:20] INFO: 
[14:00:20] INFO: D:\MU310_FW\GUI_ADB_tools>echo.
[14:00:20] INFO: 
[14:00:20] INFO: 
[14:00:20] INFO: D:\MU310_FW\GUI_ADB_tools>adb version
[14:00:20] INFO: Android Debug Bridge version 1.0.41
[14:00:20] INFO: Version 31.0.3-7562133
[14:00:20] INFO: Installed as D:\MU310_FW\GUI_ADB_tools\adb.exe
[14:00:20] INFO: 
[14:00:20] INFO: D:\MU310_FW\GUI_ADB_tools>if 0 NEQ 0 (
[14:00:20] INFO: echo [ERROR] Failed to run adb. Please check if Platform-tools is correctly installed.
[14:00:21] INFO:  pause
[14:00:21] INFO:  exit /b 1
[14:00:21] INFO: )
[14:00:21] INFO: 
[14:00:21] INFO: D:\MU310_FW\GUI_ADB_tools>adb kill-server
[14:00:21] INFO: 
[14:00:21] INFO: D:\MU310_FW\GUI_ADB_tools>adb start-server
[14:00:22] INFO: 
[14:00:22] INFO: D:\MU310_FW\GUI_ADB_tools>if 0 NEQ 0 (
[14:00:22] INFO: echo [ERROR] Failed to start ADB server. Please check USB drivers.
[14:00:23] INFO: [EXIT] code=0
[14:00:23] INFO:  pause
[14:00:23] INFO:  exit /b 1
[14:00:23] INFO: )
[14:00:23] INFO: 
[14:00:23] INFO: D:\MU310_FW\GUI_ADB_tools>adb devices
[14:00:23] INFO: List of devices attached
[14:00:23] INFO: 109c377c	device
[14:00:23] INFO: 
[14:00:23] INFO: 
[14:00:23] INFO: D:\MU310_FW\GUI_ADB_tools>echo.
[14:00:23] INFO: 
[14:00:23] ERROR: * daemon not running; starting now at tcp:5037
[14:00:23] ERROR: * daemon started successfully
[14:00:27] INFO: 開始執行 ADB 環境檢查...
[14:00:27] INFO: [RUN] cmd /c chcp 65001 > nul & call "D:\MU310_FW\GUI_ADB_tools\ADB Environment Check.bat"
[14:00:27] INFO: 
[14:00:27] INFO: D:\MU310_FW\GUI_ADB_tools>echo === Step 0: Check ADB Environment ===
[14:00:27] INFO: === Step 0: Check ADB Environment ===
[14:00:27] INFO: 
[14:00:27] INFO: D:\MU310_FW\GUI_ADB_tools>where adb  1>nul 2>nul
[14:00:27] INFO: 
[14:00:27] INFO: D:\MU310_FW\GUI_ADB_tools>if 0 NEQ 0 (
[14:00:27] INFO: echo [ERROR] ADB not found! Please install Android SDK Platform-tools and add to PATH.
[14:00:27] INFO:  pause
[14:00:27] INFO:  exit /b 1
[14:00:27] INFO: )
[14:00:27] INFO: 
[14:00:27] INFO: D:\MU310_FW\GUI_ADB_tools>where adb   | findstr /i "System32"  1>nul
[14:00:27] INFO: 
[14:00:27] INFO: D:\MU310_FW\GUI_ADB_tools>if 1 == 0 (
[14:00:27] INFO: echo [ERROR] Detected ADB in System32 folder!
[14:00:27] INFO:  echo Please remove/rename it and use C:\platform-tools\adb.exe instead.
[14:00:27] INFO:  pause
[14:00:27] INFO:  exit /b 1
[14:00:28] INFO: )
[14:00:28] INFO: 
[14:00:28] INFO: D:\MU310_FW\GUI_ADB_tools>echo Current adb path:
[14:00:28] INFO: Current adb path:
[14:00:28] INFO: 
[14:00:28] INFO: D:\MU310_FW\GUI_ADB_tools>where adb
[14:00:28] INFO: D:\MU310_FW\GUI_ADB_tools\adb.exe
[14:00:28] INFO: C:\platform-tools\adb.exe
[14:00:28] INFO: 
[14:00:28] INFO: D:\MU310_FW\GUI_ADB_tools>echo.
[14:00:28] INFO: 
[14:00:28] INFO: 
[14:00:28] INFO: D:\MU310_FW\GUI_ADB_tools>adb version
[14:00:28] INFO: Android Debug Bridge version 1.0.41
[14:00:28] INFO: Version 31.0.3-7562133
[14:00:28] INFO: Installed as D:\MU310_FW\GUI_ADB_tools\adb.exe
[14:00:28] INFO: 
[14:00:28] INFO: D:\MU310_FW\GUI_ADB_tools>if 0 NEQ 0 (
[14:00:28] INFO: echo [ERROR] Failed to run adb. Please check if Platform-tools is correctly installed.
[14:00:28] INFO:  pause
[14:00:28] INFO:  exit /b 1
[14:00:28] INFO: )
[14:00:28] INFO: 
[14:00:28] INFO: D:\MU310_FW\GUI_ADB_tools>adb kill-server
[14:00:28] INFO: 
[14:00:28] INFO: D:\MU310_FW\GUI_ADB_tools>adb start-server
[14:00:30] INFO: 
[14:00:30] INFO: D:\MU310_FW\GUI_ADB_tools>if 0 NEQ 0 (
[14:00:30] INFO: echo [ERROR] Failed to start ADB server. Please check USB drivers.
[14:00:30] INFO: [EXIT] code=0
[14:00:30] INFO:  pause
[14:00:30] INFO:  exit /b 1
[14:00:30] INFO: )
[14:00:30] INFO: 
[14:00:30] INFO: D:\MU310_FW\GUI_ADB_tools>adb devices
[14:00:30] INFO: List of devices attached
[14:00:30] INFO: 109c377c	device
[14:00:30] INFO: 
[14:00:30] INFO: 
[14:00:30] INFO: D:\MU310_FW\GUI_ADB_tools>echo.
[14:00:30] INFO: 
[14:00:30] ERROR: * daemon not running; starting now at tcp:5037
[14:00:30] ERROR: * daemon started successfully
[14:00:50] INFO: 開始執行自動修復...
[14:00:50] INFO: [RUN] cmd /c chcp 65001 > nul & call "D:\MU310_FW\GUI_ADB_tools\auto_fix_adb_ENG.bat"
[14:00:50] INFO: 
[14:00:50] INFO: D:\MU310_FW\GUI_ADB_tools>chcp 65001  1>nul
[14:00:50] INFO: [STEP 1] Checking ADB device connection...
[14:00:51] INFO: ✅ ADB is connected, no fix needed.
[14:00:54] INFO: 開始執行自動修復...
[14:00:54] INFO: [RUN] cmd /c chcp 65001 > nul & call "D:\MU310_FW\GUI_ADB_tools\auto_fix_adb_ENG.bat"
[14:00:54] INFO: 
[14:00:54] INFO: D:\MU310_FW\GUI_ADB_tools>chcp 65001  1>nul
[14:00:54] INFO: [STEP 1] Checking ADB device connection...
[14:00:54] INFO: ✅ ADB is connected, no fix needed.
[14:01:01] INFO: 開始檢查 DM 埠...
[14:01:01] INFO: [RUN] cmd /c chcp 65001 > nul & call "D:\MU310_FW\GUI_ADB_tools\checkDMport_ENG.bat"
[14:01:01] INFO: ===============================================
[14:01:01] INFO:    MU310 Firmware Flashing Tool v1.0
[14:01:01] INFO: ===============================================
[14:01:01] INFO: === Step 1: Check ADB Connection ===
[14:01:01] INFO: Running adb devices...
[14:01:01] INFO: Device found: 109c377c	device
[14:01:01] INFO: [OK] ADB device connected.
[14:01:01] INFO: 
[14:01:01] INFO: === Step 2: Check DM PORT ===
[14:01:02] INFO: Found DM PORT: Quectel USB DM Port (COM7)
[14:01:02] INFO: [OK] DM PORT found = COM7
[14:01:02] INFO: 
[14:01:02] INFO: === Step 3: Check Firmware File ===
[14:01:02] INFO: [ERROR] Firmware file not found: MU310-Q612_V0.0.0.0_1_modem.bin
[14:01:02] INFO: Please ensure the firmware file exists in the correct path.
[14:03:21] INFO: 開始執行韌體升級...
[14:03:21] INFO: [RUN] cmd /c chcp 65001 > nul & call "D:\MU310_FW\GUI_ADB_tools\Burn_in _611GT.bat"
[14:03:21] INFO: 
[14:03:21] INFO: D:\MU310_FW\GUI_ADB_tools>REM =========================================================
[14:03:21] INFO: 
[14:03:21] INFO: D:\MU310_FW\GUI_ADB_tools>REM Features:
[14:03:21] INFO: 
[14:03:21] INFO: D:\MU310_FW\GUI_ADB_tools>REM  1. Check if ADB tool is available
[14:03:21] INFO: 
[14:03:21] INFO: D:\MU310_FW\GUI_ADB_tools>REM  2. Verify DUT is connected via ADB
[14:03:21] INFO: 
[14:03:21] INFO: D:\MU310_FW\GUI_ADB_tools>REM  3. Confirm firmware file exists
[14:03:21] INFO: 
[14:03:21] INFO: D:\MU310_FW\GUI_ADB_tools>REM  4. Test if DUT target directory is writable
[14:03:21] INFO: 
[14:03:21] INFO: D:\MU310_FW\GUI_ADB_tools>REM  5. Push firmware file to DUT
[14:03:21] INFO: 
[14:03:21] INFO: D:\MU310_FW\GUI_ADB_tools>REM  6. Sync the file system
[14:03:21] INFO: 
[14:03:21] INFO: D:\MU310_FW\GUI_ADB_tools>REM  7. Stop related system services
[14:03:21] INFO: 
[14:03:21] INFO: D:\MU310_FW\GUI_ADB_tools>REM  8. Check /dev/smd7 status
[14:03:21] INFO: 
[14:03:21] INFO: D:\MU310_FW\GUI_ADB_tools>REM  9. Send AT command to trigger firmware upgrade
[14:03:21] INFO: 
[14:03:21] INFO: D:\MU310_FW\GUI_ADB_tools>REM =========================================================
[14:03:21] INFO: ===============================================
[14:03:21] INFO:    MU310 Firmware Flashing Tool v1.1
[14:03:21] INFO: ===============================================
[14:03:21] INFO: === Step 0: Check ADB version ===
[14:03:21] INFO: Android Debug Bridge version 1.0.41
[14:03:21] INFO: Version 31.0.3-7562133
[14:03:21] INFO: Installed as D:\MU310_FW\GUI_ADB_tools\adb.exe
[14:03:23] INFO: 
[14:03:23] INFO: === Step 1: Check ADB connection ===
[14:03:23] INFO: Found device: 109c377c	device
[14:03:23] INFO: [SUCCESS] ADB device connection normal
[14:03:23] INFO: 
[14:03:23] INFO: === Step 2: Check firmware file ===
[14:03:23] INFO: [ERROR] Firmware file not found!
