[16:12:26] INFO: [RUN] cmd /c chcp 65001 > nul & call "D:\MU310_FW\GUI_ADB_tools\ADB Environment Check.bat"
[16:12:26] INFO: 
[16:12:26] INFO: D:\MU310_FW\GUI_ADB_tools>echo === Step 0: Check ADB Environment ===
[16:12:26] INFO: === Step 0: Check ADB Environment ===
[16:12:26] INFO: 
[16:12:26] INFO: D:\MU310_FW\GUI_ADB_tools>where adb  1>nul 2>nul
[16:12:26] INFO: 
[16:12:26] INFO: D:\MU310_FW\GUI_ADB_tools>if 0 NEQ 0 (
[16:12:26] INFO: echo [ERROR] ADB not found! Please install Android SDK Platform-tools and add to PATH.
[16:12:26] INFO:  pause
[16:12:26] INFO:  exit /b 1
[16:12:26] INFO: )
[16:12:26] INFO: 
[16:12:26] INFO: D:\MU310_FW\GUI_ADB_tools>where adb   | findstr /i "System32"  1>nul
[16:12:26] INFO: 
[16:12:26] INFO: D:\MU310_FW\GUI_ADB_tools>if 1 == 0 (
[16:12:26] INFO: echo [ERROR] Detected ADB in System32 folder!
[16:12:26] INFO:  echo Please remove/rename it and use C:\platform-tools\adb.exe instead.
[16:12:26] INFO:  pause
[16:12:26] INFO:  exit /b 1
[16:12:26] INFO: )
[16:12:26] INFO: 
[16:12:26] INFO: D:\MU310_FW\GUI_ADB_tools>echo Current adb path:
[16:12:26] INFO: Current adb path:
[16:12:26] INFO: 
[16:12:26] INFO: D:\MU310_FW\GUI_ADB_tools>where adb
[16:12:26] INFO: C:\platform-tools\adb.exe
[16:12:26] INFO: 
[16:12:26] INFO: D:\MU310_FW\GUI_ADB_tools>echo.
[16:12:26] INFO: 
[16:12:26] INFO: 
[16:12:26] INFO: D:\MU310_FW\GUI_ADB_tools>adb version
[16:12:26] INFO: Android Debug Bridge version 1.0.41
[16:12:26] INFO: Version 35.0.0-11411520
[16:12:26] INFO: Installed as C:\platform-tools\adb.exe
[16:12:26] INFO: Running on Windows 10.0.26100
[16:12:26] INFO: 
[16:12:26] INFO: D:\MU310_FW\GUI_ADB_tools>if 0 NEQ 0 (
[16:12:26] INFO: echo [ERROR] Failed to run adb. Please check if Platform-tools is correctly installed.
[16:12:26] INFO:  pause
[16:12:26] INFO:  exit /b 1
[16:12:26] INFO: )
[16:12:26] INFO: 
[16:12:26] INFO: D:\MU310_FW\GUI_ADB_tools>adb kill-server
[16:12:26] INFO: 
[16:12:26] INFO: D:\MU310_FW\GUI_ADB_tools>adb start-server
[16:12:29] INFO: 
[16:12:29] INFO: D:\MU310_FW\GUI_ADB_tools>if 0 NEQ 0 (
[16:12:29] INFO: echo [ERROR] Failed to start ADB server. Please check USB drivers.
[16:12:29] INFO:  pause
[16:12:29] INFO:  exit /b 1
[16:12:29] INFO: )
[16:12:29] INFO: 
[16:12:29] INFO: D:\MU310_FW\GUI_ADB_tools>adb devices
[16:12:29] INFO: List of devices attached
[16:12:29] INFO: 
[16:12:29] INFO: 
[16:12:29] INFO: D:\MU310_FW\GUI_ADB_tools>echo.
[16:12:29] INFO: 
[16:12:29] INFO: [EXIT] code=0
[16:12:29] ERROR: * daemon not running; starting now at tcp:5037
[16:12:29] ERROR: * daemon started successfully
