[10:57:35] INFO: 開始執行 ADB 環境檢查...
[10:57:35] INFO: [RUN] cmd /c chcp 65001 > nul & call "D:\MU310_FW\GUI_ADB_tools\ADB Environment Check.bat"
[10:57:35] INFO: 
[10:57:35] INFO: D:\MU310_FW\GUI_ADB_tools>echo === Step 0: Check ADB Environment ===
[10:57:35] INFO: === Step 0: Check ADB Environment ===
[10:57:35] INFO: 
[10:57:35] INFO: D:\MU310_FW\GUI_ADB_tools>where adb  1>nul 2>nul
[10:57:35] INFO: 
[10:57:35] INFO: D:\MU310_FW\GUI_ADB_tools>if 0 NEQ 0 (
[10:57:35] INFO: echo [ERROR] ADB not found! Please install Android SDK Platform-tools and add to PATH.
[10:57:35] INFO:  pause
[10:57:35] INFO:  exit /b 1
[10:57:35] INFO: )
[10:57:35] INFO: 
[10:57:35] INFO: D:\MU310_FW\GUI_ADB_tools>where adb   | findstr /i "System32"  1>nul
[10:57:35] INFO: 
[10:57:35] INFO: D:\MU310_FW\GUI_ADB_tools>if 1 == 0 (
[10:57:35] INFO: echo [ERROR] Detected ADB in System32 folder!
[10:57:35] INFO:  echo Please remove/rename it and use C:\platform-tools\adb.exe instead.
[10:57:35] INFO:  pause
[10:57:35] INFO:  exit /b 1
[10:57:35] INFO: )
[10:57:35] INFO: 
[10:57:35] INFO: D:\MU310_FW\GUI_ADB_tools>echo Current adb path:
[10:57:35] INFO: Current adb path:
[10:57:35] INFO: 
[10:57:35] INFO: D:\MU310_FW\GUI_ADB_tools>where adb
[10:57:35] INFO: D:\MU310_FW\GUI_ADB_tools\adb.exe
[10:57:35] INFO: C:\platform-tools\adb.exe
[10:57:35] INFO: 
[10:57:35] INFO: D:\MU310_FW\GUI_ADB_tools>echo.
[10:57:35] INFO: 
[10:57:35] INFO: 
[10:57:35] INFO: D:\MU310_FW\GUI_ADB_tools>adb version
[10:57:35] INFO: Android Debug Bridge version 1.0.41
[10:57:35] INFO: Version 31.0.3-7562133
[10:57:35] INFO: Installed as D:\MU310_FW\GUI_ADB_tools\adb.exe
[10:57:35] INFO: 
[10:57:35] INFO: D:\MU310_FW\GUI_ADB_tools>if 0 NEQ 0 (
[10:57:35] INFO: echo [ERROR] Failed to run adb. Please check if Platform-tools is correctly installed.
[10:57:35] INFO:  pause
[10:57:35] INFO:  exit /b 1
[10:57:35] INFO: )
[10:57:35] INFO: 
[10:57:35] INFO: D:\MU310_FW\GUI_ADB_tools>adb kill-server
[10:57:35] INFO: 
[10:57:35] INFO: D:\MU310_FW\GUI_ADB_tools>adb start-server
[10:57:37] INFO: 開始掃描 COM 埠...
[10:57:37] INFO: 
[10:57:37] INFO: 發現 4 個 COM 埠:
[10:57:37] INFO:   COM9 - Quectel USB AT Port (COM9)
[10:57:37] INFO:   COM8 - Quectel USB NMEA Port (COM8)
[10:57:37] INFO:   COM7 - Quectel USB DM Port (COM7)
[10:57:37] INFO:   COM3 - Prolific PL2303GC USB Serial COM Port (COM3)
[10:57:37] INFO: [EXIT] code=0
[10:57:37] INFO: D:\MU310_FW\GUI_ADB_tools>if 0 NEQ 0 (
[10:57:37] INFO: echo [ERROR] Failed to start ADB server. Please check USB drivers.
[10:57:37] INFO:  pause
[10:57:37] INFO:  exit /b 1
[10:57:37] INFO: )
[10:57:37] INFO: 
[10:57:37] INFO: D:\MU310_FW\GUI_ADB_tools>adb devices
[10:57:37] INFO: List of devices attached
[10:57:37] INFO: 109c377c	device
[10:57:37] INFO: 
[10:57:37] INFO: 
[10:57:37] INFO: D:\MU310_FW\GUI_ADB_tools>echo.
[10:57:37] INFO: 
[10:57:37] ERROR: * daemon not running; starting now at tcp:5037
[10:57:37] ERROR: * daemon started successfully
[10:57:39] INFO: 開始執行 ADB 環境檢查...
[10:57:39] INFO: [RUN] cmd /c chcp 65001 > nul & call "D:\MU310_FW\GUI_ADB_tools\ADB Environment Check.bat"
[10:57:40] INFO: 
[10:57:40] INFO: D:\MU310_FW\GUI_ADB_tools>echo === Step 0: Check ADB Environment ===
[10:57:40] INFO: === Step 0: Check ADB Environment ===
[10:57:40] INFO: 
[10:57:40] INFO: D:\MU310_FW\GUI_ADB_tools>where adb  1>nul 2>nul
[10:57:40] INFO: 
[10:57:40] INFO: D:\MU310_FW\GUI_ADB_tools>if 0 NEQ 0 (
[10:57:40] INFO: echo [ERROR] ADB not found! Please install Android SDK Platform-tools and add to PATH.
[10:57:40] INFO:  pause
[10:57:40] INFO:  exit /b 1
[10:57:40] INFO: )
[10:57:40] INFO: 
[10:57:40] INFO: D:\MU310_FW\GUI_ADB_tools>where adb   | findstr /i "System32"  1>nul
[10:57:40] INFO: 
[10:57:40] INFO: D:\MU310_FW\GUI_ADB_tools>if 1 == 0 (
[10:57:40] INFO: echo [ERROR] Detected ADB in System32 folder!
[10:57:40] INFO:  echo Please remove/rename it and use C:\platform-tools\adb.exe instead.
[10:57:40] INFO:  pause
[10:57:40] INFO:  exit /b 1
[10:57:40] INFO: )
[10:57:40] INFO: 
[10:57:40] INFO: D:\MU310_FW\GUI_ADB_tools>echo Current adb path:
[10:57:40] INFO: Current adb path:
[10:57:40] INFO: 
[10:57:40] INFO: D:\MU310_FW\GUI_ADB_tools>where adb
[10:57:40] INFO: D:\MU310_FW\GUI_ADB_tools\adb.exe
[10:57:40] INFO: C:\platform-tools\adb.exe
[10:57:40] INFO: 
[10:57:40] INFO: D:\MU310_FW\GUI_ADB_tools>echo.
[10:57:40] INFO: 
[10:57:40] INFO: 
[10:57:40] INFO: D:\MU310_FW\GUI_ADB_tools>adb version
[10:57:40] INFO: Android Debug Bridge version 1.0.41
[10:57:40] INFO: Version 31.0.3-7562133
[10:57:40] INFO: Installed as D:\MU310_FW\GUI_ADB_tools\adb.exe
[10:57:40] INFO: 
[10:57:40] INFO: D:\MU310_FW\GUI_ADB_tools>if 0 NEQ 0 (
[10:57:40] INFO: echo [ERROR] Failed to run adb. Please check if Platform-tools is correctly installed.
[10:57:40] INFO:  pause
[10:57:40] INFO:  exit /b 1
[10:57:40] INFO: )
[10:57:40] INFO: 
[10:57:40] INFO: D:\MU310_FW\GUI_ADB_tools>adb kill-server
[10:57:40] INFO: 
[10:57:40] INFO: D:\MU310_FW\GUI_ADB_tools>adb start-server
[10:57:41] INFO: 開始掃描 COM 埠...
[10:57:41] INFO: 發現 4 個 COM 埠:
[10:57:41] INFO:   COM9 - Quectel USB AT Port (COM9)
[10:57:41] INFO:   COM8 - Quectel USB NMEA Port (COM8)
[10:57:41] INFO:   COM7 - Quectel USB DM Port (COM7)
[10:57:41] INFO:   COM3 - Prolific PL2303GC USB Serial COM Port (COM3)
[10:57:42] INFO: 
[10:57:42] INFO: D:\MU310_FW\GUI_ADB_tools>if 0 NEQ 0 (
[10:57:42] INFO: echo [ERROR] Failed to start ADB server. Please check USB drivers.
[10:57:42] INFO: [EXIT] code=0
[10:57:42] INFO:  pause
[10:57:42] INFO:  exit /b 1
[10:57:42] INFO: )
[10:57:42] INFO: 
[10:57:42] INFO: D:\MU310_FW\GUI_ADB_tools>adb devices
[10:57:42] INFO: List of devices attached
[10:57:42] INFO: 109c377c	device
[10:57:42] INFO: 
[10:57:42] INFO: 
[10:57:42] INFO: D:\MU310_FW\GUI_ADB_tools>echo.
[10:57:42] INFO: 
[10:57:42] ERROR: * daemon not running; starting now at tcp:5037
[10:57:42] ERROR: * daemon started successfully
[10:57:44] INFO: 開始執行自動修復...
[10:57:44] INFO: [RUN] cmd /c chcp 65001 > nul & call "D:\MU310_FW\GUI_ADB_tools\auto_fix_adb_ENG.bat"
[10:57:44] INFO: 
[10:57:44] INFO: D:\MU310_FW\GUI_ADB_tools>chcp 65001  1>nul
[10:57:44] INFO: [STEP 1] Checking ADB device connection...
[10:57:44] INFO: ✅ ADB is connected, no fix needed.
[10:57:51] INFO: 開始檢查 DM 埠...
[10:57:51] INFO: [RUN] cmd /c chcp 65001 > nul & call "D:\MU310_FW\GUI_ADB_tools\checkDMport_ENG.bat"
[10:57:51] INFO: ===============================================
[10:57:51] INFO:    MU310 Firmware Flashing Tool v1.0
[10:57:51] INFO: ===============================================
[10:57:51] INFO: === Step 1: Check ADB Connection ===
[10:57:51] INFO: Running adb devices...
[10:57:51] INFO: Device found: 109c377c	device
[10:57:51] INFO: [OK] ADB device connected.
[10:57:51] INFO: 
[10:57:51] INFO: === Step 2: Check DM PORT ===
[10:57:51] INFO: Found DM PORT: Quectel USB DM Port (COM7)
[10:57:51] INFO: [OK] DM PORT found = COM7
[10:57:51] INFO: 
[10:57:51] INFO: === Step 3: Check Firmware File ===
[10:57:51] INFO: [ERROR] Firmware file not found: MU310-Q612_V0.0.0.0_1_modem.bin
[10:57:51] INFO: Please ensure the firmware file exists in the correct path.
[10:57:56] INFO: Press any key to continue . . .
[10:57:56] INFO: Press any key to continue . . .
[10:57:56] INFO: [EXIT] code=0
[10:57:56] INFO: [EXIT] code=1
[10:57:56] ERROR: Parameter format not correct - ::
