[18:00:36] INFO: 開始掃描 COM 埠...
[18:00:36] INFO: 發現 4 個 COM 埠:
[18:00:36] INFO:   COM9 - Quectel USB AT Port (COM9)
[18:00:36] INFO:   COM8 - Quectel USB NMEA Port (COM8)
[18:00:36] INFO:   COM7 - Quectel USB DM Port (COM7)
[18:00:36] INFO:   COM3 - Prolific PL2303GC USB Serial COM Port (COM3)
[18:00:39] INFO: 開始執行 ADB 環境檢查...
[18:00:39] INFO: [RUN] cmd /c chcp 65001 > nul & call "D:\MU310_FW\GUI_ADB_tools\ADB Environment Check.bat"
[18:00:39] INFO: 
[18:00:39] INFO: D:\MU310_FW\GUI_ADB_tools>echo === Step 0: Check ADB Environment ===
[18:00:39] INFO: === Step 0: Check ADB Environment ===
[18:00:39] INFO: 
[18:00:39] INFO: D:\MU310_FW\GUI_ADB_tools>where adb  1>nul 2>nul
[18:00:39] INFO: 
[18:00:39] INFO: D:\MU310_FW\GUI_ADB_tools>if 0 NEQ 0 (
[18:00:39] INFO: echo [ERROR] ADB not found! Please install Android SDK Platform-tools and add to PATH.
[18:00:39] INFO:  pause
[18:00:39] INFO:  exit /b 1
[18:00:39] INFO: )
[18:00:39] INFO: 
[18:00:39] INFO: D:\MU310_FW\GUI_ADB_tools>where adb   | findstr /i "System32"  1>nul
[18:00:39] INFO: 
[18:00:39] INFO: D:\MU310_FW\GUI_ADB_tools>if 1 == 0 (
[18:00:39] INFO: echo [ERROR] Detected ADB in System32 folder!
[18:00:39] INFO:  echo Please remove/rename it and use C:\platform-tools\adb.exe instead.
[18:00:39] INFO:  pause
[18:00:39] INFO:  exit /b 1
[18:00:39] INFO: )
[18:00:39] INFO: 
[18:00:39] INFO: D:\MU310_FW\GUI_ADB_tools>echo Current adb path:
[18:00:39] INFO: Current adb path:
[18:00:39] INFO: 
[18:00:39] INFO: D:\MU310_FW\GUI_ADB_tools>where adb
[18:00:39] INFO: D:\MU310_FW\GUI_ADB_tools\adb.exe
[18:00:39] INFO: C:\platform-tools\adb.exe
[18:00:39] INFO: 
[18:00:39] INFO: D:\MU310_FW\GUI_ADB_tools>echo.
[18:00:39] INFO: 
[18:00:39] INFO: 
[18:00:39] INFO: D:\MU310_FW\GUI_ADB_tools>adb version
[18:00:39] INFO: Android Debug Bridge version 1.0.41
[18:00:39] INFO: Version 31.0.3-7562133
[18:00:39] INFO: Installed as D:\MU310_FW\GUI_ADB_tools\adb.exe
[18:00:39] INFO: 
[18:00:39] INFO: D:\MU310_FW\GUI_ADB_tools>if 0 NEQ 0 (
[18:00:39] INFO: echo [ERROR] Failed to run adb. Please check if Platform-tools is correctly installed.
[18:00:39] INFO:  pause
[18:00:39] INFO:  exit /b 1
[18:00:40] INFO: )
[18:00:40] INFO: 
[18:00:40] INFO: D:\MU310_FW\GUI_ADB_tools>adb kill-server
[18:00:40] INFO: 
[18:00:40] INFO: D:\MU310_FW\GUI_ADB_tools>adb start-server
[18:00:41] INFO: 
[18:00:41] INFO: D:\MU310_FW\GUI_ADB_tools>if 0 NEQ 0 (
[18:00:41] INFO: [EXIT] code=0
[18:00:41] INFO: echo [ERROR] Failed to start ADB server. Please check USB drivers.
[18:00:41] INFO:  pause
[18:00:41] INFO:  exit /b 1
[18:00:41] INFO: )
[18:00:41] INFO: 
[18:00:41] INFO: D:\MU310_FW\GUI_ADB_tools>adb devices
[18:00:42] INFO: List of devices attached
[18:00:42] INFO: 109c377c	device
[18:00:42] INFO: 
[18:00:42] INFO: 
[18:00:42] INFO: D:\MU310_FW\GUI_ADB_tools>echo.
[18:00:42] INFO: 
[18:00:42] ERROR: * daemon not running; starting now at tcp:5037
[18:00:42] ERROR: * daemon started successfully
[18:01:00] INFO: Firmware file: D:/MU310_FW/GUI_ADB_tools/FW_IMAGE/MU310-Q611GT_V1.1.0.0_1_modem.bin
[18:01:01] INFO: 開始執行韌體升級，使用檔案: D:\MU310_FW\GUI_ADB_tools\FW_IMAGE\MU310-Q611GT_V1.1.0.0_1_modem.bin
[18:01:01] INFO: [RUN] cmd /c chcp 65001 > nul & call "D:\MU310_FW\GUI_ADB_tools\Burn_in _611GT.bat" "D:\MU310_FW\GUI_ADB_tools\FW_IMAGE\MU310-Q611GT_V1.1.0.0_1_modem.bin"
[18:01:01] INFO: [INFO] Firmware selected: "D:\MU310_FW\GUI_ADB_tools\FW_IMAGE\MU310-Q611GT_V1.1.0.0_1_modem.bin"
[18:01:01] INFO: ===============================================
[18:01:01] INFO:    MU310 Firmware Flashing Tool v1.1
[18:01:01] INFO: ===============================================
[18:01:01] INFO: === Step 0: Check ADB version ===
[18:01:01] INFO: Android Debug Bridge version 1.0.41
[18:01:01] INFO: Version 31.0.3-7562133
[18:01:01] INFO: Installed as D:\MU310_FW\GUI_ADB_tools\adb.exe
[18:01:03] INFO: 
[18:01:03] INFO: === Step 1: Check ADB connection ===
[18:01:03] INFO: Found device: 109c377c	device
[18:01:03] INFO: [SUCCESS] ADB device connection normal
[18:01:03] INFO: 
[18:01:03] INFO: === Step 2: Check firmware file ===
[18:01:04] INFO: [SUCCESS] Firmware file exists: "D:\MU310_FW\GUI_ADB_tools\FW_IMAGE\MU310-Q611GT_V1.1.0.0_1_modem.bin"
[18:01:04] INFO: 
[18:01:04] INFO: === Step 3: Test write permission ===
[18:01:04] INFO: [SUCCESS] Target directory writable
[18:01:04] INFO: 
[18:01:04] INFO: === Step 4: Upload firmware ===
[18:01:04] INFO: [4.1] Uploading firmware to device...
[18:01:33] INFO: D:\MU310_FW\GUI_ADB_tools\FW_IMAGE\MU310-Q611GT_V1.1.0.0_1_modem.bin: 1 file pushed, 0 skipped. 4.0 MB/s (123185277 bytes in 29.486s)
[18:01:33] INFO: [SUCCESS] Firmware upload completed
[18:01:33] INFO: 
[18:01:33] INFO: [4.2] Executing sync operation...
[18:01:37] INFO: [SUCCESS] Sync operation completed
[18:01:37] INFO: 
[18:01:37] INFO: [4.3] Stopping related system services...
[18:01:37] INFO: [SUCCESS] System services stopped
[18:01:37] INFO: 
[18:01:37] INFO: [4.4] Checking /dev/smd7...
[18:01:37] INFO: [SUCCESS] /dev/smd7 status check completed
[18:01:37] INFO: 
[18:01:37] INFO: [4.5] Sending firmware update command...
[18:01:39] INFO: [SUCCESS] Firmware flashing command sent
[18:01:39] INFO: 
[18:01:39] INFO: ===============================================
[18:01:39] INFO: Notes:
[18:01:39] INFO: 1. Please wait for device to complete firmware update
[18:01:39] INFO: 2. Do not disconnect during update process
[18:01:39] INFO: 3. Device may restart automatically
[18:01:39] INFO: 4. The entire process may take several minutes
[18:01:39] INFO: ===============================================
[18:01:39] INFO: 
[18:01:39] INFO: MU310 burn in PASS and please wait 4 mins for update.
[18:01:47] INFO: 開始掃描 COM 埠...
[18:01:47] INFO: 發現 4 個 COM 埠:
[18:01:47] INFO:   COM9 - Quectel USB AT Port (COM9)
[18:01:47] INFO:   COM8 - Quectel USB NMEA Port (COM8)
[18:01:47] INFO:   COM7 - Quectel USB DM Port (COM7)
[18:01:47] INFO:   COM3 - Prolific PL2303GC USB Serial COM Port (COM3)
[18:01:48] INFO: 開始掃描 COM 埠...
[18:01:48] INFO: 發現 4 個 COM 埠:
[18:01:48] INFO:   COM9 - Quectel USB AT Port (COM9)
[18:01:48] INFO:   COM8 - Quectel USB NMEA Port (COM8)
[18:01:48] INFO:   COM7 - Quectel USB DM Port (COM7)
[18:01:48] INFO:   COM3 - Prolific PL2303GC USB Serial COM Port (COM3)
[18:02:14] INFO: Press any key to continue . . .
[18:02:14] INFO: [EXIT] code=0
[18:02:14] ERROR: * daemon not running; starting now at tcp:5037
[18:02:14] ERROR: * daemon started successfully
