[11:51:42] INFO: 開始掃描 COM 埠...
[11:51:42] WARNING: 未找到任何 COM 埠
[11:51:50] INFO: 開始重啟 ADB 伺服器...
[11:51:50] INFO: [RUN] cmd /c chcp 65001 > nul & adb kill-server & adb start-server
[11:51:53] ERROR: * daemon not running; starting now at tcp:5037
[11:51:53] INFO: [EXIT] code=0
[11:51:53] ERROR: * daemon started successfully
[11:51:57] INFO: 開始檢查 ADB 環境...
[11:51:57] INFO: [RUN] cmd /c chcp 65001 > nul & call "D:\MU310_FW\GUI_ADB_tools\ADB Environment Check.bat"
[11:51:57] INFO: 
[11:51:57] INFO: D:\MU310_FW\GUI_ADB_tools>echo === Step 0: Check ADB Environment ===
[11:51:57] INFO: === Step 0: Check ADB Environment ===
[11:51:57] INFO: 
[11:51:57] INFO: D:\MU310_FW\GUI_ADB_tools>where adb  1>nul 2>nul
[11:51:57] INFO: 
[11:51:57] INFO: D:\MU310_FW\GUI_ADB_tools>if 0 NEQ 0 (
[11:51:57] INFO: echo [ERROR] ADB not found! Please install Android SDK Platform-tools and add to PATH.
[11:51:57] INFO:  pause
[11:51:57] INFO:  exit /b 1
[11:51:57] INFO: )
[11:51:57] INFO: 
[11:51:57] INFO: D:\MU310_FW\GUI_ADB_tools>where adb   | findstr /i "System32"  1>nul
[11:51:57] INFO: 
[11:51:57] INFO: D:\MU310_FW\GUI_ADB_tools>if 1 == 0 (
[11:51:57] INFO: echo [ERROR] Detected ADB in System32 folder!
[11:51:57] INFO:  echo Please remove/rename it and use C:\platform-tools\adb.exe instead.
[11:51:57] INFO:  pause
[11:51:57] INFO:  exit /b 1
[11:51:57] INFO: )
[11:51:57] INFO: 
[11:51:57] INFO: D:\MU310_FW\GUI_ADB_tools>echo Current adb path:
[11:51:57] INFO: Current adb path:
[11:51:57] INFO: 
[11:51:57] INFO: D:\MU310_FW\GUI_ADB_tools>where adb
[11:51:57] INFO: D:\MU310_FW\GUI_ADB_tools\adb.exe
[11:51:57] INFO: C:\platform-tools\adb.exe
[11:51:57] INFO: 
[11:51:57] INFO: D:\MU310_FW\GUI_ADB_tools>echo.
[11:51:57] INFO: 
[11:51:57] INFO: 
[11:51:57] INFO: D:\MU310_FW\GUI_ADB_tools>adb version
[11:51:57] INFO: Android Debug Bridge version 1.0.41
[11:51:57] INFO: Version 31.0.3-7562133
[11:51:57] INFO: Installed as D:\MU310_FW\GUI_ADB_tools\adb.exe
[11:51:57] INFO: 
[11:51:57] INFO: D:\MU310_FW\GUI_ADB_tools>if 0 NEQ 0 (
[11:51:57] INFO: echo [ERROR] Failed to run adb. Please check if Platform-tools is correctly installed.
[11:51:57] INFO:  pause
[11:51:57] INFO:  exit /b 1
[11:51:57] INFO: )
[11:51:57] INFO: 
[11:51:57] INFO: D:\MU310_FW\GUI_ADB_tools>adb kill-server
[11:51:57] INFO: 
[11:51:57] INFO: D:\MU310_FW\GUI_ADB_tools>adb start-server
[11:51:59] INFO: 
[11:51:59] INFO: D:\MU310_FW\GUI_ADB_tools>if 0 NEQ 0 (
[11:51:59] INFO: [EXIT] code=0
[11:51:59] INFO: echo [ERROR] Failed to start ADB server. Please check USB drivers.
[11:51:59] INFO:  pause
[11:51:59] INFO:  exit /b 1
[11:51:59] INFO: )
[11:51:59] INFO: 
[11:51:59] INFO: D:\MU310_FW\GUI_ADB_tools>adb devices
[11:51:59] INFO: List of devices attached
[11:51:59] INFO: 
[11:51:59] INFO: 
[11:51:59] INFO: D:\MU310_FW\GUI_ADB_tools>echo.
[11:51:59] INFO: 
[11:51:59] ERROR: * daemon not running; starting now at tcp:5037
[11:51:59] ERROR: * daemon started successfully
[11:52:26] INFO: 開始列出 ADB 裝置...
[11:52:26] INFO: [RUN] cmd /c chcp 65001 > nul & adb devices
[11:52:27] INFO: List of devices attached
[11:52:27] INFO: [EXIT] code=0
[11:52:27] INFO: 
[11:52:29] INFO: 開始檢查 ADB 環境...
[11:52:29] INFO: [RUN] cmd /c chcp 65001 > nul & call "D:\MU310_FW\GUI_ADB_tools\ADB Environment Check.bat"
[11:52:29] INFO: 
[11:52:29] INFO: D:\MU310_FW\GUI_ADB_tools>echo === Step 0: Check ADB Environment ===
[11:52:29] INFO: === Step 0: Check ADB Environment ===
[11:52:29] INFO: 
[11:52:29] INFO: D:\MU310_FW\GUI_ADB_tools>where adb  1>nul 2>nul
[11:52:29] INFO: 
[11:52:29] INFO: D:\MU310_FW\GUI_ADB_tools>if 0 NEQ 0 (
[11:52:29] INFO: echo [ERROR] ADB not found! Please install Android SDK Platform-tools and add to PATH.
[11:52:29] INFO:  pause
[11:52:29] INFO:  exit /b 1
[11:52:29] INFO: )
[11:52:29] INFO: 
[11:52:29] INFO: D:\MU310_FW\GUI_ADB_tools>where adb   | findstr /i "System32"  1>nul
[11:52:29] INFO: 
[11:52:29] INFO: D:\MU310_FW\GUI_ADB_tools>if 1 == 0 (
[11:52:29] INFO: echo [ERROR] Detected ADB in System32 folder!
[11:52:29] INFO:  echo Please remove/rename it and use C:\platform-tools\adb.exe instead.
[11:52:29] INFO:  pause
[11:52:29] INFO:  exit /b 1
[11:52:29] INFO: )
[11:52:29] INFO: 
[11:52:29] INFO: D:\MU310_FW\GUI_ADB_tools>echo Current adb path:
[11:52:29] INFO: Current adb path:
[11:52:29] INFO: 
[11:52:29] INFO: D:\MU310_FW\GUI_ADB_tools>where adb
[11:52:29] INFO: D:\MU310_FW\GUI_ADB_tools\adb.exe
[11:52:29] INFO: C:\platform-tools\adb.exe
[11:52:29] INFO: 
[11:52:29] INFO: D:\MU310_FW\GUI_ADB_tools>echo.
[11:52:29] INFO: 
[11:52:29] INFO: 
[11:52:29] INFO: D:\MU310_FW\GUI_ADB_tools>adb version
[11:52:29] INFO: Android Debug Bridge version 1.0.41
[11:52:29] INFO: Version 31.0.3-7562133
[11:52:29] INFO: Installed as D:\MU310_FW\GUI_ADB_tools\adb.exe
[11:52:29] INFO: 
[11:52:29] INFO: D:\MU310_FW\GUI_ADB_tools>if 0 NEQ 0 (
[11:52:29] INFO: echo [ERROR] Failed to run adb. Please check if Platform-tools is correctly installed.
[11:52:29] INFO:  pause
[11:52:29] INFO:  exit /b 1
[11:52:29] INFO: )
[11:52:29] INFO: 
[11:52:29] INFO: D:\MU310_FW\GUI_ADB_tools>adb kill-server
[11:52:29] INFO: 
[11:52:29] INFO: D:\MU310_FW\GUI_ADB_tools>adb start-server
[11:52:31] INFO: 
[11:52:31] INFO: D:\MU310_FW\GUI_ADB_tools>if 0 NEQ 0 (
[11:52:31] INFO: echo [ERROR] Failed to start ADB server. Please check USB drivers.
[11:52:31] INFO: [EXIT] code=0
[11:52:31] INFO:  pause
[11:52:31] INFO:  exit /b 1
[11:52:31] INFO: )
[11:52:31] INFO: 
[11:52:31] INFO: D:\MU310_FW\GUI_ADB_tools>adb devices
[11:52:31] INFO: List of devices attached
[11:52:31] INFO: 
[11:52:31] INFO: 
[11:52:31] INFO: D:\MU310_FW\GUI_ADB_tools>echo.
[11:52:31] INFO: 
[11:52:31] ERROR: * daemon not running; starting now at tcp:5037
[11:52:31] ERROR: * daemon started successfully
[11:57:24] INFO: 開始執行自動修復...
[11:57:24] INFO: [RUN] cmd /c chcp 65001 > nul & call "D:\MU310_FW\GUI_ADB_tools\auto_fix_adb_ENG.bat"
[11:57:24] INFO: 
[11:57:24] INFO: D:\MU310_FW\GUI_ADB_tools>chcp 65001  1>nul
[11:57:24] INFO: [STEP 1] Checking ADB device connection...
[11:57:24] INFO: ⚠️ No ADB device detected. Attempting to fix...
[11:57:24] INFO: [STEP 2] Sending AT command to set USB mode...
[11:57:24] INFO: [~] 䤣i^ AT PORTC
[11:57:24] INFO: ✅ AT command sent successfully. Waiting 90 seconds for reboot...
