[16:20:58] INFO: [RUN] cmd /c chcp 65001 > nul & call "D:\MU310_FW\GUI_ADB_tools\check ADB interface.bat"
[16:20:58] INFO: ============================================
[16:20:58] INFO:   Check Android ADB Interface
[16:20:58] INFO: ============================================
[16:20:58] INFO: [RUN] cmd /c chcp 65001 > nul & adb devices
[16:20:59] INFO: [NOT FOUND] No ADB interface detected.
[16:20:59] INFO: List of devices attached
[16:20:59] INFO: 
[16:20:59] INFO: [EXIT] code=0
[16:21:01] INFO: [RUN] cmd /c chcp 65001 > nul & call "D:\MU310_FW\GUI_ADB_tools\ADB Environment Check.bat"
[16:21:01] INFO: 
[16:21:02] INFO: D:\MU310_FW\GUI_ADB_tools>echo === Step 0: Check ADB Environment ===
[16:21:02] INFO: === Step 0: Check ADB Environment ===
[16:21:02] INFO: 
[16:21:02] INFO: D:\MU310_FW\GUI_ADB_tools>where adb  1>nul 2>nul
[16:21:02] INFO: 
[16:21:02] INFO: D:\MU310_FW\GUI_ADB_tools>if 0 NEQ 0 (
[16:21:02] INFO: echo [ERROR] ADB not found! Please install Android SDK Platform-tools and add to PATH.
[16:21:02] INFO:  pause
[16:21:02] INFO:  exit /b 1
[16:21:02] INFO: )
[16:21:02] INFO: 
[16:21:02] INFO: D:\MU310_FW\GUI_ADB_tools>where adb   | findstr /i "System32"  1>nul
[16:21:02] INFO: 
[16:21:02] INFO: D:\MU310_FW\GUI_ADB_tools>if 1 == 0 (
[16:21:02] INFO: echo [ERROR] Detected ADB in System32 folder!
[16:21:02] INFO:  echo Please remove/rename it and use C:\platform-tools\adb.exe instead.
[16:21:02] INFO:  pause
[16:21:02] INFO:  exit /b 1
[16:21:02] INFO: )
[16:21:02] INFO: 
[16:21:02] INFO: D:\MU310_FW\GUI_ADB_tools>echo Current adb path:
[16:21:02] INFO: Current adb path:
[16:21:02] INFO: 
[16:21:02] INFO: D:\MU310_FW\GUI_ADB_tools>where adb
[16:21:02] INFO: C:\platform-tools\adb.exe
[16:21:02] INFO: 
[16:21:02] INFO: D:\MU310_FW\GUI_ADB_tools>echo.
[16:21:02] INFO: 
[16:21:02] INFO: 
[16:21:02] INFO: D:\MU310_FW\GUI_ADB_tools>adb version
[16:21:02] INFO: Android Debug Bridge version 1.0.41
[16:21:02] INFO: Version 35.0.0-11411520
[16:21:02] INFO: Installed as C:\platform-tools\adb.exe
[16:21:02] INFO: Running on Windows 10.0.26100
[16:21:02] INFO: 
[16:21:02] INFO: D:\MU310_FW\GUI_ADB_tools>if 0 NEQ 0 (
[16:21:02] INFO: echo [ERROR] Failed to run adb. Please check if Platform-tools is correctly installed.
[16:21:02] INFO:  pause
[16:21:02] INFO:  exit /b 1
[16:21:02] INFO: )
[16:21:02] INFO: 
[16:21:02] INFO: D:\MU310_FW\GUI_ADB_tools>adb kill-server
[16:21:02] INFO: 
[16:21:02] INFO: D:\MU310_FW\GUI_ADB_tools>adb start-server
[16:21:04] INFO: 
[16:21:04] INFO: D:\MU310_FW\GUI_ADB_tools>if 0 NEQ 0 (
[16:21:04] INFO: echo [ERROR] Failed to start ADB server. Please check USB drivers.
[16:21:04] INFO:  pause
[16:21:04] INFO:  exit /b 1
[16:21:04] INFO: )
[16:21:04] INFO: 
[16:21:04] INFO: [EXIT] code=0
[16:21:04] INFO: D:\MU310_FW\GUI_ADB_tools>adb devices
[16:21:04] INFO: List of devices attached
[16:21:04] INFO: 
[16:21:04] INFO: 
[16:21:04] INFO: D:\MU310_FW\GUI_ADB_tools>echo.
[16:21:04] INFO: 
[16:21:04] ERROR: * daemon not running; starting now at tcp:5037
[16:21:04] ERROR: * daemon started successfully
[16:22:08] INFO: [RUN] cmd /c chcp 65001 > nul & adb kill-server & adb start-server
[16:22:10] ERROR: * daemon not running; starting now at tcp:5037
[16:22:10] INFO: [EXIT] code=0
[16:22:10] ERROR: * daemon started successfully
[16:22:11] INFO: [RUN] cmd /c chcp 65001 > nul & adb devices
[16:22:11] INFO: List of devices attached
[16:22:11] INFO: [EXIT] code=0
[16:22:11] INFO: 
[16:22:14] INFO: [RUN] cmd /c chcp 65001 > nul & adb devices
[16:22:14] INFO: List of devices attached
[16:22:14] INFO: 
[16:22:14] INFO: [EXIT] code=0
