[10:55:40] INFO: 開始掃描 COM 埠...
[10:55:40] INFO: 發現 4 個 COM 埠:
[10:55:40] INFO:   COM9 - Quectel USB AT Port (COM9)
[10:55:40] INFO:   COM8 - Quectel USB NMEA Port (COM8)
[10:55:40] INFO:   COM7 - Quectel USB DM Port (COM7)
[10:55:40] INFO:   COM3 - Prolific PL2303GC USB Serial COM Port (COM3)
[10:55:44] INFO: 開始執行 ADB 環境檢查...
[10:55:44] INFO: [RUN] cmd /c chcp 65001 > nul & call "D:\MU310_FW\GUI_ADB_tools\ADB Environment Check.bat"
[10:55:44] INFO: 
[10:55:44] INFO: D:\MU310_FW\GUI_ADB_tools>echo === Step 0: Check ADB Environment ===
[10:55:44] INFO: === Step 0: Check ADB Environment ===
[10:55:44] INFO: 
[10:55:44] INFO: D:\MU310_FW\GUI_ADB_tools>where adb  1>nul 2>nul
[10:55:44] INFO: 
[10:55:44] INFO: D:\MU310_FW\GUI_ADB_tools>if 0 NEQ 0 (
[10:55:44] INFO: echo [ERROR] ADB not found! Please install Android SDK Platform-tools and add to PATH.
[10:55:44] INFO:  pause
[10:55:44] INFO:  exit /b 1
[10:55:44] INFO: )
[10:55:44] INFO: 
[10:55:44] INFO: D:\MU310_FW\GUI_ADB_tools>where adb   | findstr /i "System32"  1>nul
[10:55:44] INFO: 
[10:55:44] INFO: D:\MU310_FW\GUI_ADB_tools>if 1 == 0 (
[10:55:44] INFO: echo [ERROR] Detected ADB in System32 folder!
[10:55:44] INFO:  echo Please remove/rename it and use C:\platform-tools\adb.exe instead.
[10:55:44] INFO:  pause
[10:55:44] INFO:  exit /b 1
[10:55:44] INFO: )
[10:55:44] INFO: 
[10:55:44] INFO: D:\MU310_FW\GUI_ADB_tools>echo Current adb path:
[10:55:44] INFO: Current adb path:
[10:55:44] INFO: 
[10:55:44] INFO: D:\MU310_FW\GUI_ADB_tools>where adb
[10:55:44] INFO: D:\MU310_FW\GUI_ADB_tools\adb.exe
[10:55:44] INFO: C:\platform-tools\adb.exe
[10:55:44] INFO: 
[10:55:44] INFO: D:\MU310_FW\GUI_ADB_tools>echo.
[10:55:44] INFO: 
[10:55:44] INFO: 
[10:55:44] INFO: D:\MU310_FW\GUI_ADB_tools>adb version
[10:55:44] INFO: Android Debug Bridge version 1.0.41
[10:55:44] INFO: Version 31.0.3-7562133
[10:55:44] INFO: Installed as D:\MU310_FW\GUI_ADB_tools\adb.exe
[10:55:44] INFO: 
[10:55:44] INFO: D:\MU310_FW\GUI_ADB_tools>if 0 NEQ 0 (
[10:55:44] INFO: echo [ERROR] Failed to run adb. Please check if Platform-tools is correctly installed.
[10:55:44] INFO:  pause
[10:55:44] INFO:  exit /b 1
[10:55:44] INFO: )
[10:55:44] INFO: 
[10:55:44] INFO: D:\MU310_FW\GUI_ADB_tools>adb kill-server
[10:55:44] INFO: 
[10:55:44] INFO: D:\MU310_FW\GUI_ADB_tools>adb start-server
[10:55:46] INFO: 
[10:55:46] INFO: D:\MU310_FW\GUI_ADB_tools>if 0 NEQ 0 (
[10:55:46] INFO: echo [ERROR] Failed to start ADB server. Please check USB drivers.
[10:55:46] INFO: [EXIT] code=0
[10:55:46] INFO:  pause
[10:55:46] INFO:  exit /b 1
[10:55:46] INFO: )
[10:55:46] INFO: 
[10:55:46] INFO: D:\MU310_FW\GUI_ADB_tools>adb devices
[10:55:46] INFO: List of devices attached
[10:55:46] INFO: 109c377c	device
[10:55:46] INFO: 
[10:55:46] INFO: 
[10:55:47] INFO: D:\MU310_FW\GUI_ADB_tools>echo.
[10:55:47] INFO: 
[10:55:47] ERROR: * daemon not running; starting now at tcp:5037
[10:55:47] ERROR: * daemon started successfully
[10:55:52] INFO: 開始檢查 DM 埠...
[10:55:52] INFO: [RUN] cmd /c chcp 65001 > nul & call "D:\MU310_FW\GUI_ADB_tools\checkDMport_ENG.bat"
[10:55:52] INFO: ===============================================
[10:55:52] INFO:    MU310 Firmware Flashing Tool v1.0
[10:55:52] INFO: ===============================================
[10:55:52] INFO: === Step 1: Check ADB Connection ===
[10:55:52] INFO: Running adb devices...
[10:55:52] INFO: Device found: 109c377c	device
[10:55:52] INFO: [OK] ADB device connected.
[10:55:52] INFO: 
[10:55:52] INFO: === Step 2: Check DM PORT ===
[10:55:52] INFO: Found DM PORT: Quectel USB DM Port (COM7)
[10:55:52] INFO: [OK] DM PORT found = COM7
[10:55:52] INFO: 
[10:55:52] INFO: === Step 3: Check Firmware File ===
[10:55:52] INFO: [ERROR] Firmware file not found: MU310-Q612_V0.0.0.0_1_modem.bin
[10:55:52] INFO: Please ensure the firmware file exists in the correct path.
