[14:05:22] INFO: 開始掃描 COM 埠...
[14:05:22] INFO: 發現 4 個 COM 埠:
[14:05:22] INFO:   COM9 - Quectel USB AT Port (COM9)
[14:05:22] INFO:   COM8 - Quectel USB NMEA Port (COM8)
[14:05:22] INFO:   COM7 - Quectel USB DM Port (COM7)
[14:05:22] INFO:   COM3 - Prolific PL2303GC USB Serial COM Port (COM3)
[14:05:25] INFO: 開始執行 ADB 環境檢查...
[14:05:25] INFO: [RUN] cmd /c chcp 65001 > nul & call "D:\MU310_FW\GUI_ADB_tools\ADB Environment Check.bat"
[14:05:25] INFO: 
[14:05:25] INFO: D:\MU310_FW\GUI_ADB_tools>echo === Step 0: Check ADB Environment ===
[14:05:25] INFO: === Step 0: Check ADB Environment ===
[14:05:25] INFO: 
[14:05:25] INFO: D:\MU310_FW\GUI_ADB_tools>where adb  1>nul 2>nul
[14:05:25] INFO: 
[14:05:25] INFO: D:\MU310_FW\GUI_ADB_tools>if 0 NEQ 0 (
[14:05:25] INFO: echo [ERROR] ADB not found! Please install Android SDK Platform-tools and add to PATH.
[14:05:25] INFO:  pause
[14:05:25] INFO:  exit /b 1
[14:05:25] INFO: )
[14:05:25] INFO: 
[14:05:25] INFO: D:\MU310_FW\GUI_ADB_tools>where adb   | findstr /i "System32"  1>nul
[14:05:25] INFO: 
[14:05:25] INFO: D:\MU310_FW\GUI_ADB_tools>if 1 == 0 (
[14:05:25] INFO: echo [ERROR] Detected ADB in System32 folder!
[14:05:25] INFO:  echo Please remove/rename it and use C:\platform-tools\adb.exe instead.
[14:05:25] INFO:  pause
[14:05:25] INFO:  exit /b 1
[14:05:25] INFO: )
[14:05:25] INFO: 
[14:05:25] INFO: D:\MU310_FW\GUI_ADB_tools>echo Current adb path:
[14:05:25] INFO: Current adb path:
[14:05:25] INFO: 
[14:05:25] INFO: D:\MU310_FW\GUI_ADB_tools>where adb
[14:05:25] INFO: D:\MU310_FW\GUI_ADB_tools\adb.exe
[14:05:26] INFO: C:\platform-tools\adb.exe
[14:05:26] INFO: 
[14:05:26] INFO: D:\MU310_FW\GUI_ADB_tools>echo.
[14:05:26] INFO: 
[14:05:26] INFO: 
[14:05:26] INFO: D:\MU310_FW\GUI_ADB_tools>adb version
[14:05:26] INFO: Android Debug Bridge version 1.0.41
[14:05:26] INFO: Version 31.0.3-7562133
[14:05:26] INFO: Installed as D:\MU310_FW\GUI_ADB_tools\adb.exe
[14:05:26] INFO: 
[14:05:26] INFO: D:\MU310_FW\GUI_ADB_tools>if 0 NEQ 0 (
[14:05:26] INFO: echo [ERROR] Failed to run adb. Please check if Platform-tools is correctly installed.
[14:05:26] INFO:  pause
[14:05:26] INFO:  exit /b 1
[14:05:26] INFO: )
[14:05:26] INFO: 
[14:05:26] INFO: D:\MU310_FW\GUI_ADB_tools>adb kill-server
[14:05:26] INFO: 
[14:05:26] INFO: D:\MU310_FW\GUI_ADB_tools>adb start-server
[14:05:28] INFO: 
[14:05:28] INFO: D:\MU310_FW\GUI_ADB_tools>if 0 NEQ 0 (
[14:05:28] INFO: echo [ERROR] Failed to start ADB server. Please check USB drivers.
[14:05:28] INFO: [EXIT] code=0
[14:05:28] INFO:  pause
[14:05:28] INFO:  exit /b 1
[14:05:28] INFO: )
[14:05:28] INFO: 
[14:05:28] INFO: D:\MU310_FW\GUI_ADB_tools>adb devices
[14:05:28] INFO: List of devices attached
[14:05:28] INFO: 109c377c	device
[14:05:28] INFO: 
[14:05:28] INFO: 
[14:05:28] INFO: D:\MU310_FW\GUI_ADB_tools>echo.
[14:05:28] INFO: 
[14:05:28] ERROR: * daemon not running; starting now at tcp:5037
[14:05:28] ERROR: * daemon started successfully
