[10:21:25] INFO: 開始執行 ADB 環境檢查...
[10:21:25] INFO: [RUN] cmd /c chcp 65001 > nul & call "D:\MU310_FW\GUI_ADB_tools\ADB Environment Check.bat"
[10:21:25] INFO: 
[10:21:25] INFO: D:\MU310_FW\GUI_ADB_tools>echo === Step 0: Check ADB Environment ===
[10:21:25] INFO: === Step 0: Check ADB Environment ===
[10:21:25] INFO: 
[10:21:25] INFO: D:\MU310_FW\GUI_ADB_tools>where adb  1>nul 2>nul
[10:21:25] INFO: 
[10:21:25] INFO: D:\MU310_FW\GUI_ADB_tools>if 0 NEQ 0 (
[10:21:25] INFO: echo [ERROR] ADB not found! Please install Android SDK Platform-tools and add to PATH.
[10:21:25] INFO:  pause
[10:21:25] INFO:  exit /b 1
[10:21:25] INFO: )
[10:21:25] INFO: 
[10:21:25] INFO: D:\MU310_FW\GUI_ADB_tools>where adb   | findstr /i "System32"  1>nul
[10:21:25] INFO: 
[10:21:25] INFO: D:\MU310_FW\GUI_ADB_tools>if 1 == 0 (
[10:21:25] INFO: echo [ERROR] Detected ADB in System32 folder!
[10:21:25] INFO:  echo Please remove/rename it and use C:\platform-tools\adb.exe instead.
[10:21:25] INFO:  pause
[10:21:25] INFO:  exit /b 1
[10:21:25] INFO: )
[10:21:25] INFO: 
[10:21:25] INFO: D:\MU310_FW\GUI_ADB_tools>echo Current adb path:
[10:21:25] INFO: Current adb path:
[10:21:25] INFO: 
[10:21:25] INFO: D:\MU310_FW\GUI_ADB_tools>where adb
[10:21:25] INFO: D:\MU310_FW\GUI_ADB_tools\adb.exe
[10:21:25] INFO: C:\platform-tools\adb.exe
[10:21:25] INFO: 
[10:21:25] INFO: D:\MU310_FW\GUI_ADB_tools>echo.
[10:21:25] INFO: 
[10:21:25] INFO: 
[10:21:25] INFO: D:\MU310_FW\GUI_ADB_tools>adb version
[10:21:25] INFO: Android Debug Bridge version 1.0.41
[10:21:25] INFO: Version 31.0.3-7562133
[10:21:25] INFO: Installed as D:\MU310_FW\GUI_ADB_tools\adb.exe
[10:21:25] INFO: 
[10:21:25] INFO: D:\MU310_FW\GUI_ADB_tools>if 0 NEQ 0 (
[10:21:25] INFO: echo [ERROR] Failed to run adb. Please check if Platform-tools is correctly installed.
[10:21:25] INFO:  pause
[10:21:25] INFO:  exit /b 1
[10:21:25] INFO: )
[10:21:25] INFO: 
[10:21:25] INFO: D:\MU310_FW\GUI_ADB_tools>adb kill-server
[10:21:26] INFO: 
[10:21:26] INFO: D:\MU310_FW\GUI_ADB_tools>adb start-server
[10:21:27] INFO: 
[10:21:27] INFO: D:\MU310_FW\GUI_ADB_tools>if 0 NEQ 0 (
[10:21:27] INFO: echo [ERROR] Failed to start ADB server. Please check USB drivers.
[10:21:27] INFO: [EXIT] code=0
[10:21:27] INFO:  pause
[10:21:28] INFO:  exit /b 1
[10:21:28] INFO: )
[10:21:28] INFO: 
[10:21:28] INFO: D:\MU310_FW\GUI_ADB_tools>adb devices
[10:21:28] INFO: List of devices attached
[10:21:28] INFO: 109c377c	device
[10:21:28] INFO: 
[10:21:28] INFO: 
[10:21:28] INFO: D:\MU310_FW\GUI_ADB_tools>echo.
[10:21:28] INFO: 
[10:21:28] ERROR: * daemon not running; starting now at tcp:5037
[10:21:28] ERROR: * daemon started successfully
[10:21:31] INFO: 開始掃描 COM 埠...
[10:21:31] INFO: 發現 4 個 COM 埠:
[10:21:31] INFO:   COM9 - Quectel USB AT Port (COM9)
[10:21:31] INFO:   COM8 - Quectel USB NMEA Port (COM8)
[10:21:31] INFO:   COM7 - Quectel USB DM Port (COM7)
[10:21:31] INFO:   COM3 - Prolific PL2303GC USB Serial COM Port (COM3)
[10:21:33] INFO: 開始掃描 COM 埠...
[10:21:33] INFO: 發現 4 個 COM 埠:
[10:21:33] INFO:   COM9 - Quectel USB AT Port (COM9)
[10:21:33] INFO:   COM8 - Quectel USB NMEA Port (COM8)
[10:21:33] INFO:   COM7 - Quectel USB DM Port (COM7)
[10:21:33] INFO:   COM3 - Prolific PL2303GC USB Serial COM Port (COM3)
[10:21:47] INFO: 開始執行自動修復...
[10:21:47] INFO: [RUN] cmd /c chcp 65001 > nul & call "D:\MU310_FW\GUI_ADB_tools\auto_fix_adb_ENG.bat"
[10:21:47] INFO: 
[10:21:47] INFO: D:\MU310_FW\GUI_ADB_tools>chcp 65001  1>nul
[10:21:47] INFO: [STEP 1] Checking ADB device connection...
[10:21:47] INFO: ✅ ADB is connected, no fix needed.
[10:21:49] INFO: 開始執行自動修復...
[10:21:49] INFO: [RUN] cmd /c chcp 65001 > nul & call "D:\MU310_FW\GUI_ADB_tools\auto_fix_adb_ENG.bat"
[10:21:49] INFO: 
[10:21:49] INFO: D:\MU310_FW\GUI_ADB_tools>chcp 65001  1>nul
[10:21:49] INFO: [STEP 1] Checking ADB device connection...
[10:21:50] INFO: ✅ ADB is connected, no fix needed.
